<?xml version="1.0" encoding="UTF-8"?>
<!-- Generated by org.testng.reporters.JUnitXMLReporter -->
<testsuite ignored="1" hostname="DESKTOP-28VPC6Q" failures="0" tests="1" name="Default test" time="0.079" errors="0" timestamp="2022-01-25T17:42:13 IST">
  <testcase classname="CreateContactTest" name="CreateOrganizationTest" time="0.013"/>
  <testcase classname="CreateContactTest" name="CreateContactsTest" time="0.0">
    <ignored/>
  </testcase> <!-- CreateContactsTest -->
</testsuite> <!-- Default test -->
