<?xml version="1.0" encoding="UTF-8"?>
<!-- Generated by org.testng.reporters.JUnitXMLReporter -->
<testsuite ignored="0" hostname="DESKTOP-28VPC6Q" failures="0" tests="4" name="Test" time="0.16" errors="0" timestamp="2022-01-26T16:38:17 IST">
  <testcase classname="com.crm.comcast.vtiger.CreateOrg.CreateOrganizationTest" name="CreateOrgTest" time="0.017"/>
  <testcase classname="com.crm.comcast.vtiger.CreateOrg.CreateOrganizationTest" name="ModifyTestTest" time="0.004"/>
  <testcase classname="CreateContactTest" name="CreateContactsTest" time="0.007"/>
  <testcase classname="CreateContactTest" name="CreateOrganizationTest" time="0.003"/>
</testsuite> <!-- Test -->
